28218    1.3  0.3  1.2  scaffold_1        34669   38032 (3218180) C rnd-5_family-1942  DNA/Academ         (1695)   3547     214     38  
10364    1.3  0.0  0.1  scaffold_1       152158  153298 (3102914) C rnd-5_family-2668  LTR/Gypsy             (0)   1439     300    200  
15537    0.4  0.1  1.9  scaffold_1       338720  340678 (2915534) C rnd-5_family-4038  DNA/hAT-Tip100      (640)   1926       1    472  
10138    2.1  1.4  0.0  scaffold_1       782770  784228 (2471984) + rnd-1_family-126   DNA                     1   2046     (0)   1126  
10773    2.5  0.1  0.6  scaffold_1       824259  825897 (2430315) C rnd-1_family-730   LINE/RTE-BovB         (0)   1215       1   1190  
11878    1.8  2.0  1.1  scaffold_1      1311870 1313531 (1942681) C rnd-5_family-1677  Unknown               (0)   2207     531   2002  
11421    1.5  0.6  0.0  scaffold_1      1330592 1332042 (1924170) + rnd-5_family-1677  Unknown               749   2207     (0)   2025  
13209    4.2  3.7  1.1  scaffold_1      1341212 1345276 (1910936) + rnd-5_family-379   Unknown                 1   3338   (293)   2041  
23257    4.5  1.6  0.3  scaffold_1      1383425 1386277 (1869935) + rnd-1_family-217   DNA/Maverick            1   2890     (0)   2086  
25835    4.0  0.9  0.4  scaffold_1      1386288 1390077 (1866135) + rnd-1_family-152   DNA/Maverick            1   3215     (0)   2087  
24408    3.5  0.6  0.2  scaffold_1      1391283 1395246 (1860966) + rnd-1_family-178   DNA/Maverick            1   2923   (804)   2091  
17740    6.1  4.1  2.2  scaffold_1      1482102 1484501 (1771711) C rnd-3_family-25    DNA/Maverick         (40)   4119    1675   2253  
46206    1.9  0.8  0.2  scaffold_1      1509192 1514801 (1741411) + rnd-5_family-3215  LTR/Gypsy               1   5646     (0)   2305  
12805    1.6  0.6  0.1  scaffold_1      1810028 1811612 (1444600) C rnd-4_family-453   Satellite          (3847)   1635      42   2889  
31690    3.4  1.0  0.3  scaffold_1      1917796 1923406 (1332806) C rnd-1_family-178   DNA/Maverick          (4)   3723       1   3110  
19699    4.3  1.9  2.0  scaffold_1      1923982 1927454 (1328758) C rnd-1_family-152   DNA/Maverick          (0)   3215       1   3113  
11925    1.1  0.0  0.0  scaffold_1      1941364 1942667 (1313545) C rnd-6_family-242   Unknown              (77)   1305       2   3132  
13464    1.1  1.2  0.3  scaffold_1      2158121 2159977 (1096235) C rnd-5_family-4098  RC/Helitron           (0)   1874       1   3500  
19601    0.5  0.1  0.4  scaffold_1      2253527 2255739 (1000473) + rnd-6_family-5098  Unknown                 1   2206     (0)   3704  
11006    2.5  0.6  1.9  scaffold_1      2485197 2486625  (769587) C rnd-1_family-18    RC/Helitron           (0)   1594     185   4218  
13904    2.6  2.6  2.3  scaffold_1      2486989 2488880  (767332) C rnd-6_family-805   RC/Helitron        (1011)   1919      23   4220  
10797    5.5  6.3  1.1  scaffold_1      2535105 2536614  (719598) + rnd-5_family-204   DNA/Kolobok-T2          1   1588  (1032)   4269  
11919    1.8  1.8  0.0  scaffold_1      2767936 2769384  (486828) + rnd-5_family-88    DNA/Kolobok-T2          1   1475     (0)   4614  
16284    1.9  1.6  0.5  scaffold_1      2841128 2843734  (412478) C rnd-1_family-126   DNA                   (0)   2046       1   4731  
15226    3.7  3.9  2.5  scaffold_1      2920503 2922679  (333533) C rnd-5_family-1677  Unknown               (0)   2207       1   4848  
10746    1.9  0.2  0.1  scaffold_1      3113788 3115016  (141196) C rnd-1_family-6     Unknown            (2314)   5065    3836   5170  
